ar vyuka/Library/Bee/Android/Prj/Mono2x/Gradle/unityLibrary/build/intermediates/manifest_merge_blame_file/release/manifest-merger-blame-release-report.txt
1<?xml version="1.0" encoding="utf-8"?>
2<manifest xmlns:android="http://schemas.android.com/apk/res/android"
3    package="com.unity3d.player"
4    android:versionCode="1"
5    android:versionName="0.1" >
6
7    <uses-sdk
8        android:minSdkVersion="24"
8-->src\main\AndroidManifest.xml
9        android:targetSdkVersion="30" />
9-->src\main\AndroidManifest.xml
10
11    <uses-permission android:name="android.permission.RECORD_AUDIO" />
11-->src\main\AndroidManifest.xml:3:3-69
11-->src\main\AndroidManifest.xml:3:20-66
12    <uses-permission android:name="android.permission.INTERNET" />
12-->src\main\AndroidManifest.xml:4:3-65
12-->src\main\AndroidManifest.xml:4:20-62
13
14    <uses-feature android:glEsVersion="0x00030000" />
14-->src\main\AndroidManifest.xml:21:3-52
14-->src\main\AndroidManifest.xml:21:17-49
15    <uses-feature
15-->src\main\AndroidManifest.xml:22:3-88
16        android:name="android.hardware.touchscreen"
16-->src\main\AndroidManifest.xml:22:17-60
17        android:required="false" />
17-->src\main\AndroidManifest.xml:22:61-85
18    <uses-feature
18-->src\main\AndroidManifest.xml:23:3-99
19        android:name="android.hardware.touchscreen.multitouch"
19-->src\main\AndroidManifest.xml:23:17-71
20        android:required="false" />
20-->src\main\AndroidManifest.xml:23:72-96
21    <uses-feature
21-->src\main\AndroidManifest.xml:24:3-108
22        android:name="android.hardware.touchscreen.multitouch.distinct"
22-->src\main\AndroidManifest.xml:24:17-80
23        android:required="false" />
23-->src\main\AndroidManifest.xml:24:81-105
24
25    <uses-permission android:name="android.permission.CAMERA" />
25-->src\main\AndroidManifest.xml:25:3-63
25-->src\main\AndroidManifest.xml:25:20-60
26
27    <uses-feature
27-->src\main\AndroidManifest.xml:26:3-85
28        android:name="android.hardware.camera.ar"
28-->src\main\AndroidManifest.xml:26:17-58
29        android:required="true" />
29-->src\main\AndroidManifest.xml:26:59-82
30    <uses-feature
30-->src\main\AndroidManifest.xml:27:3-83
31        android:name="com.google.ar.core.depth"
31-->src\main\AndroidManifest.xml:27:17-56
32        android:required="true" />
32-->src\main\AndroidManifest.xml:27:57-80
33
34    <application
34-->src\main\AndroidManifest.xml:5:3-20:17
35        android:configChanges="orientation|screenSize|locale"
35-->src\main\AndroidManifest.xml:5:76-129
36        android:debuggable="false"
36-->src\main\AndroidManifest.xml:5:49-75
37        android:extractNativeLibs="true"
37-->src\main\AndroidManifest.xml:5:172-204
38        android:icon="@mipmap/app_icon"
38-->src\main\AndroidManifest.xml:5:205-236
39        android:label="@string/app_name"
39-->src\main\AndroidManifest.xml:5:16-48
40        android:theme="@style/UnityThemeSelector" >
40-->src\main\AndroidManifest.xml:5:130-171
41        <activity
41-->src\main\AndroidManifest.xml:6:5-12:16
42            android:name="com.starseed.speechtotext.MainActivity"
42-->src\main\AndroidManifest.xml:6:15-68
43            android:configChanges="keyboard|keyboardHidden|orientation|screenLayout|uiMode|screenSize|smallestScreenSize"
43-->src\main\AndroidManifest.xml:6:69-178
44            android:label="@string/app_name" >
44-->src\main\AndroidManifest.xml:6:179-211
45            <intent-filter>
45-->src\main\AndroidManifest.xml:7:7-10:23
46                <action android:name="android.intent.action.MAIN" />
46-->src\main\AndroidManifest.xml:8:9-61
46-->src\main\AndroidManifest.xml:8:17-58
47
48                <category android:name="android.intent.category.LAUNCHER" />
48-->src\main\AndroidManifest.xml:9:9-69
48-->src\main\AndroidManifest.xml:9:19-66
49            </intent-filter>
50
51            <meta-data
51-->src\main\AndroidManifest.xml:11:7-78
52                android:name="android.notch_support"
52-->src\main\AndroidManifest.xml:11:18-54
53                android:value="true" />
53-->src\main\AndroidManifest.xml:11:55-75
54        </activity>
55
56        <meta-data
56-->src\main\AndroidManifest.xml:13:5-69
57            android:name="unity.splash-mode"
57-->src\main\AndroidManifest.xml:13:16-48
58            android:value="0" />
58-->src\main\AndroidManifest.xml:13:49-66
59        <meta-data
59-->src\main\AndroidManifest.xml:14:5-74
60            android:name="unity.splash-enable"
60-->src\main\AndroidManifest.xml:14:16-50
61            android:value="True" />
61-->src\main\AndroidManifest.xml:14:51-71
62        <meta-data
62-->src\main\AndroidManifest.xml:15:5-78
63            android:name="unity.launch-fullscreen"
63-->src\main\AndroidManifest.xml:15:16-54
64            android:value="True" />
64-->src\main\AndroidManifest.xml:15:55-75
65        <meta-data
65-->src\main\AndroidManifest.xml:16:5-84
66            android:name="unity.allow-resizable-window"
66-->src\main\AndroidManifest.xml:16:16-59
67            android:value="False" />
67-->src\main\AndroidManifest.xml:16:60-81
68        <meta-data
68-->src\main\AndroidManifest.xml:17:5-81
69            android:name="notch.config"
69-->src\main\AndroidManifest.xml:17:16-43
70            android:value="portrait|landscape" />
70-->src\main\AndroidManifest.xml:17:44-78
71        <meta-data
71-->src\main\AndroidManifest.xml:18:5-88
72            android:name="unityplayer.SkipPermissionsDialog"
72-->src\main\AndroidManifest.xml:18:16-64
73            android:value="true" />
73-->src\main\AndroidManifest.xml:18:65-85
74        <meta-data
74-->src\main\AndroidManifest.xml:19:5-77
75            android:name="com.google.ar.core"
75-->src\main\AndroidManifest.xml:19:16-49
76            android:value="required" />
76-->src\main\AndroidManifest.xml:19:50-74
77    </application>
78
79</manifest>